# JRE version: OpenJDK Runtime Environment Temurin-21.0.10+7 (21.0.10+7) (build 21.0.10+7-LTS)
# Java VM: OpenJDK 64-Bit Server VM Temurin-21.0.10+7 (21.0.10+7-LTS, mixed mode, sharing, tiered, compressed oops, compressed class ptrs, parallel gc, windows-amd64)
GC Precious Log:
 CardTable entry size: 512
 CPUs: 12 total, 12 available
 Memory: 7518M
 Large Page Support: Disabled
 NUMA Support: Disabled
 Compressed Oops: Enabled (32-bit)
 Alignments: Space 512K, Generation 512K, Heap 2M
 Heap Min Capacity: 100M
 Heap Initial Capacity: 100M
 Heap Max Capacity: 2G
 Pre-touch: Disabled
 Parallel Workers: 10
Heap:
 PSYoungGen      total 12288K, used 3566K [0x00000000d5580000, 0x00000000d6600000, 0x0000000100000000)
  eden space 11264K, 25% used [0x00000000d5580000,0x00000000d5853a78,0x00000000d6080000)
  from space 1024K, 65% used [0x00000000d6080000,0x00000000d6128000,0x00000000d6180000)
  to   space 2048K, 0% used [0x00000000d6400000,0x00000000d6400000,0x00000000d6600000)
 ParOldGen       total 68608K, used 56848K [0x0000000080000000, 0x0000000084300000, 0x00000000d5580000)
  object space 68608K, 82% used [0x0000000080000000,0x00000000837840b8,0x0000000084300000)
 Metaspace       used 56482K, committed 57728K, reserved 1114112K
  class space    used 6546K, committed 7104K, reserved 1048576K
GC Heap History (20 events):
Event: 45.481 GC heap before
{Heap before GC invocations=40 (full 2):
 PSYoungGen      total 12288K, used 12288K [0x00000000d5580000, 0x00000000d6580000, 0x0000000100000000)
  eden space 11776K, 100% used [0x00000000d5580000,0x00000000d6100000,0x00000000d6100000)
  from space 512K, 100% used [0x00000000d6480000,0x00000000d6500000,0x00000000d6500000)
  to   space 512K, 0% used [0x00000000d6500000,0x00000000d6500000,0x00000000d6580000)
 ParOldGen       total 68608K, used 42461K [0x0000000080000000, 0x0000000084300000, 0x00000000d5580000)
  object space 68608K, 61% used [0x0000000080000000,0x0000000082977430,0x0000000084300000)
 Metaspace       used 53401K, committed 54592K, reserved 1114112K
  class space    used 5985K, committed 6528K, reserved 1048576K
}
Event: 45.483 GC heap after
{Heap after GC invocations=40 (full 2):
 PSYoungGen      total 11776K, used 507K [0x00000000d5580000, 0x00000000d6a00000, 0x0000000100000000)
  eden space 11264K, 0% used [0x00000000d5580000,0x00000000d5580000,0x00000000d6080000)
  from space 512K, 99% used [0x00000000d6500000,0x00000000d657ecb8,0x00000000d6580000)
  to   space 4608K, 0% used [0x00000000d6080000,0x00000000d6080000,0x00000000d6500000)
 ParOldGen       total 68608K, used 45772K [0x0000000080000000, 0x0000000084300000, 0x00000000d5580000)
  object space 68608K, 66% used [0x0000000080000000,0x0000000082cb3208,0x0000000084300000)
 Metaspace       used 53401K, committed 54592K, reserved 1114112K
  class space    used 5985K, committed 6528K, reserved 1048576K
}
Event: 50.299 GC heap before
{Heap before GC invocations=41 (full 2):
 PSYoungGen      total 11776K, used 11771K [0x00000000d5580000, 0x00000000d6a00000, 0x0000000100000000)
  eden space 11264K, 100% used [0x00000000d5580000,0x00000000d6080000,0x00000000d6080000)
  from space 512K, 99% used [0x00000000d6500000,0x00000000d657ecb8,0x00000000d6580000)
  to   space 4608K, 0% used [0x00000000d6080000,0x00000000d6080000,0x00000000d6500000)
 ParOldGen       total 68608K, used 45772K [0x0000000080000000, 0x0000000084300000, 0x00000000d5580000)
  object space 68608K, 66% used [0x0000000080000000,0x0000000082cb3208,0x0000000084300000)
 Metaspace       used 53996K, committed 55232K, reserved 1114112K
  class space    used 6090K, committed 6656K, reserved 1048576K
}
Event: 50.302 GC heap after
{Heap after GC invocations=41 (full 2):
 PSYoungGen      total 15872K, used 4598K [0x00000000d5580000, 0x00000000d6c80000, 0x0000000100000000)
  eden space 11264K, 0% used [0x00000000d5580000,0x00000000d5580000,0x00000000d6080000)
  from space 4608K, 99% used [0x00000000d6080000,0x00000000d64fd8f0,0x00000000d6500000)
  to   space 6144K, 0% used [0x00000000d6680000,0x00000000d6680000,0x00000000d6c80000)
 ParOldGen       total 68608K, used 46624K [0x0000000080000000, 0x0000000084300000, 0x00000000d5580000)
  object space 68608K, 67% used [0x0000000080000000,0x0000000082d88040,0x0000000084300000)
 Metaspace       used 53996K, committed 55232K, reserved 1114112K
  class space    used 6090K, committed 6656K, reserved 1048576K
}
Event: 50.709 GC heap before
{Heap before GC invocations=42 (full 2):
 PSYoungGen      total 15872K, used 15857K [0x00000000d5580000, 0x00000000d6c80000, 0x0000000100000000)
  eden space 11264K, 99% used [0x00000000d5580000,0x00000000d607ee60,0x00000000d6080000)
  from space 4608K, 99% used [0x00000000d6080000,0x00000000d64fd8f0,0x00000000d6500000)
  to   space 6144K, 0% used [0x00000000d6680000,0x00000000d6680000,0x00000000d6c80000)
 ParOldGen       total 68608K, used 46624K [0x0000000080000000, 0x0000000084300000, 0x00000000d5580000)
  object space 68608K, 67% used [0x0000000080000000,0x0000000082d88040,0x0000000084300000)
 Metaspace       used 54942K, committed 56128K, reserved 1114112K
  class space    used 6271K, committed 6784K, reserved 1048576K
}
Event: 50.712 GC heap after
{Heap after GC invocations=42 (full 2):
 PSYoungGen      total 12288K, used 576K [0x00000000d5580000, 0x00000000d6780000, 0x0000000100000000)
  eden space 11264K, 0% used [0x00000000d5580000,0x00000000d5580000,0x00000000d6080000)
  from space 1024K, 56% used [0x00000000d6680000,0x00000000d6710000,0x00000000d6780000)
  to   space 2560K, 0% used [0x00000000d6280000,0x00000000d6280000,0x00000000d6500000)
 ParOldGen       total 68608K, used 51113K [0x0000000080000000, 0x0000000084300000, 0x00000000d5580000)
  object space 68608K, 74% used [0x0000000080000000,0x00000000831ea4f0,0x0000000084300000)
 Metaspace       used 54942K, committed 56128K, reserved 1114112K
  class space    used 6271K, committed 6784K, reserved 1048576K
}
Event: 50.913 GC heap before
{Heap before GC invocations=43 (full 2):
 PSYoungGen      total 12288K, used 11840K [0x00000000d5580000, 0x00000000d6780000, 0x0000000100000000)
  eden space 11264K, 100% used [0x00000000d5580000,0x00000000d6080000,0x00000000d6080000)
  from space 1024K, 56% used [0x00000000d6680000,0x00000000d6710000,0x00000000d6780000)
  to   space 2560K, 0% used [0x00000000d6280000,0x00000000d6280000,0x00000000d6500000)
 ParOldGen       total 68608K, used 51113K [0x0000000080000000, 0x0000000084300000, 0x00000000d5580000)
  object space 68608K, 74% used [0x0000000080000000,0x00000000831ea4f0,0x0000000084300000)
 Metaspace       used 55656K, committed 56896K, reserved 1114112K
  class space    used 6377K, committed 6912K, reserved 1048576K
}
Event: 50.915 GC heap after
{Heap after GC invocations=43 (full 2):
 PSYoungGen      total 13824K, used 608K [0x00000000d5580000, 0x00000000d6700000, 0x0000000100000000)
  eden space 11264K, 0% used [0x00000000d5580000,0x00000000d5580000,0x00000000d6080000)
  from space 2560K, 23% used [0x00000000d6280000,0x00000000d6318000,0x00000000d6500000)
  to   space 1024K, 0% used [0x00000000d6600000,0x00000000d6600000,0x00000000d6700000)
 ParOldGen       total 68608K, used 51505K [0x0000000080000000, 0x0000000084300000, 0x00000000d5580000)
  object space 68608K, 75% used [0x0000000080000000,0x000000008324c500,0x0000000084300000)
 Metaspace       used 55656K, committed 56896K, reserved 1114112K
  class space    used 6377K, committed 6912K, reserved 1048576K
}
Event: 51.456 GC heap before
{Heap before GC invocations=44 (full 2):
 PSYoungGen      total 13824K, used 11872K [0x00000000d5580000, 0x00000000d6700000, 0x0000000100000000)
  eden space 11264K, 100% used [0x00000000d5580000,0x00000000d6080000,0x00000000d6080000)
  from space 2560K, 23% used [0x00000000d6280000,0x00000000d6318000,0x00000000d6500000)
  to   space 1024K, 0% used [0x00000000d6600000,0x00000000d6600000,0x00000000d6700000)
 ParOldGen       total 68608K, used 51505K [0x0000000080000000, 0x0000000084300000, 0x00000000d5580000)
  object space 68608K, 75% used [0x0000000080000000,0x000000008324c500,0x0000000084300000)
 Metaspace       used 55677K, committed 56896K, reserved 1114112K
  class space    used 6377K, committed 6912K, reserved 1048576K
}
Event: 51.457 GC heap after
{Heap after GC invocations=44 (full 2):
 PSYoungGen      total 11776K, used 320K [0x00000000d5580000, 0x00000000d6680000, 0x0000000100000000)
  eden space 11264K, 0% used [0x00000000d5580000,0x00000000d5580000,0x00000000d6080000)
  from space 512K, 62% used [0x00000000d6600000,0x00000000d6650000,0x00000000d6680000)
  to   space 512K, 0% used [0x00000000d6580000,0x00000000d6580000,0x00000000d6600000)
 ParOldGen       total 68608K, used 51946K [0x0000000080000000, 0x0000000084300000, 0x00000000d5580000)
  object space 68608K, 75% used [0x0000000080000000,0x00000000832baa88,0x0000000084300000)
 Metaspace       used 55677K, committed 56896K, reserved 1114112K
  class space    used 6377K, committed 6912K, reserved 1048576K
}
Event: 54.498 GC heap before
{Heap before GC invocations=45 (full 2):
 PSYoungGen      total 11776K, used 11584K [0x00000000d5580000, 0x00000000d6680000, 0x0000000100000000)
  eden space 11264K, 100% used [0x00000000d5580000,0x00000000d6080000,0x00000000d6080000)
  from space 512K, 62% used [0x00000000d6600000,0x00000000d6650000,0x00000000d6680000)
  to   space 512K, 0% used [0x00000000d6580000,0x00000000d6580000,0x00000000d6600000)
 ParOldGen       total 68608K, used 51946K [0x0000000080000000, 0x0000000084300000, 0x00000000d5580000)
  object space 68608K, 75% used [0x0000000080000000,0x00000000832baa88,0x0000000084300000)
 Metaspace       used 55686K, committed 56896K, reserved 1114112K
  class space    used 6377K, committed 6912K, reserved 1048576K
}
Event: 54.499 GC heap after
{Heap after GC invocations=45 (full 2):
 PSYoungGen      total 11776K, used 512K [0x00000000d5580000, 0x00000000d6680000, 0x0000000100000000)
  eden space 11264K, 0% used [0x00000000d5580000,0x00000000d5580000,0x00000000d6080000)
  from space 512K, 100% used [0x00000000d6580000,0x00000000d6600000,0x00000000d6600000)
  to   space 512K, 0% used [0x00000000d6600000,0x00000000d6600000,0x00000000d6680000)
 ParOldGen       total 68608K, used 52186K [0x0000000080000000, 0x0000000084300000, 0x00000000d5580000)
  object space 68608K, 76% used [0x0000000080000000,0x00000000832f6a88,0x0000000084300000)
 Metaspace       used 55686K, committed 56896K, reserved 1114112K
  class space    used 6377K, committed 6912K, reserved 1048576K
}
Event: 58.672 GC heap before
{Heap before GC invocations=46 (full 2):
 PSYoungGen      total 11776K, used 11776K [0x00000000d5580000, 0x00000000d6680000, 0x0000000100000000)
  eden space 11264K, 100% used [0x00000000d5580000,0x00000000d6080000,0x00000000d6080000)
  from space 512K, 100% used [0x00000000d6580000,0x00000000d6600000,0x00000000d6600000)
  to   space 512K, 0% used [0x00000000d6600000,0x00000000d6600000,0x00000000d6680000)
 ParOldGen       total 68608K, used 52186K [0x0000000080000000, 0x0000000084300000, 0x00000000d5580000)
  object space 68608K, 76% used [0x0000000080000000,0x00000000832f6a88,0x0000000084300000)
 Metaspace       used 55687K, committed 56896K, reserved 1114112K
  class space    used 6377K, committed 6912K, reserved 1048576K
}
Event: 58.672 GC heap after
{Heap after GC invocations=46 (full 2):
 PSYoungGen      total 11776K, used 480K [0x00000000d5580000, 0x00000000d6680000, 0x0000000100000000)
  eden space 11264K, 0% used [0x00000000d5580000,0x00000000d5580000,0x00000000d6080000)
  from space 512K, 93% used [0x00000000d6600000,0x00000000d6678000,0x00000000d6680000)
  to   space 1024K, 0% used [0x00000000d6480000,0x00000000d6480000,0x00000000d6580000)
 ParOldGen       total 68608K, used 52514K [0x0000000080000000, 0x0000000084300000, 0x00000000d5580000)
  object space 68608K, 76% used [0x0000000080000000,0x0000000083348a88,0x0000000084300000)
 Metaspace       used 55687K, committed 56896K, reserved 1114112K
  class space    used 6377K, committed 6912K, reserved 1048576K
}
Event: 64.032 GC heap before
{Heap before GC invocations=47 (full 2):
 PSYoungGen      total 11776K, used 11455K [0x00000000d5580000, 0x00000000d6680000, 0x0000000100000000)
  eden space 11264K, 97% used [0x00000000d5580000,0x00000000d6037eb8,0x00000000d6080000)
  from space 512K, 93% used [0x00000000d6600000,0x00000000d6678000,0x00000000d6680000)
  to   space 1024K, 0% used [0x00000000d6480000,0x00000000d6480000,0x00000000d6580000)
 ParOldGen       total 68608K, used 52514K [0x0000000080000000, 0x0000000084300000, 0x00000000d5580000)
  object space 68608K, 76% used [0x0000000080000000,0x0000000083348a88,0x0000000084300000)
 Metaspace       used 55690K, committed 56896K, reserved 1114112K
  class space    used 6377K, committed 6912K, reserved 1048576K
}
Event: 64.033 GC heap after
{Heap after GC invocations=47 (full 2):
 PSYoungGen      total 12288K, used 1000K [0x00000000d5580000, 0x00000000d6680000, 0x0000000100000000)
  eden space 11264K, 0% used [0x00000000d5580000,0x00000000d5580000,0x00000000d6080000)
  from space 1024K, 97% used [0x00000000d6480000,0x00000000d657a310,0x00000000d6580000)
  to   space 1024K, 0% used [0x00000000d6580000,0x00000000d6580000,0x00000000d6680000)
 ParOldGen       total 68608K, used 52850K [0x0000000080000000, 0x0000000084300000, 0x00000000d5580000)
  object space 68608K, 77% used [0x0000000080000000,0x000000008339ca88,0x0000000084300000)
 Metaspace       used 55690K, committed 56896K, reserved 1114112K
  class space    used 6377K, committed 6912K, reserved 1048576K
}
Event: 83.103 GC heap before
{Heap before GC invocations=48 (full 2):
 PSYoungGen      total 12288K, used 12264K [0x00000000d5580000, 0x00000000d6680000, 0x0000000100000000)
  eden space 11264K, 100% used [0x00000000d5580000,0x00000000d6080000,0x00000000d6080000)
  from space 1024K, 97% used [0x00000000d6480000,0x00000000d657a310,0x00000000d6580000)
  to   space 1024K, 0% used [0x00000000d6580000,0x00000000d6580000,0x00000000d6680000)
 ParOldGen       total 68608K, used 52850K [0x0000000080000000, 0x0000000084300000, 0x00000000d5580000)
  object space 68608K, 77% used [0x0000000080000000,0x000000008339ca88,0x0000000084300000)
 Metaspace       used 55728K, committed 56960K, reserved 1114112K
  class space    used 6382K, committed 6912K, reserved 1048576K
}
Event: 83.105 GC heap after
{Heap after GC invocations=48 (full 2):
 PSYoungGen      total 12288K, used 1019K [0x00000000d5580000, 0x00000000d6980000, 0x0000000100000000)
  eden space 11264K, 0% used [0x00000000d5580000,0x00000000d5580000,0x00000000d6080000)
  from space 1024K, 99% used [0x00000000d6580000,0x00000000d667ee18,0x00000000d6680000)
  to   space 4608K, 0% used [0x00000000d6080000,0x00000000d6080000,0x00000000d6500000)
 ParOldGen       total 68608K, used 55880K [0x0000000080000000, 0x0000000084300000, 0x00000000d5580000)
  object space 68608K, 81% used [0x0000000080000000,0x0000000083692250,0x0000000084300000)
 Metaspace       used 55728K, committed 56960K, reserved 1114112K
  class space    used 6382K, committed 6912K, reserved 1048576K
}
Event: 85.247 GC heap before
{Heap before GC invocations=49 (full 2):
 PSYoungGen      total 12288K, used 12283K [0x00000000d5580000, 0x00000000d6980000, 0x0000000100000000)
  eden space 11264K, 100% used [0x00000000d5580000,0x00000000d6080000,0x00000000d6080000)
  from space 1024K, 99% used [0x00000000d6580000,0x00000000d667ee18,0x00000000d6680000)
  to   space 4608K, 0% used [0x00000000d6080000,0x00000000d6080000,0x00000000d6500000)
 ParOldGen       total 68608K, used 55880K [0x0000000080000000, 0x0000000084300000, 0x00000000d5580000)
  object space 68608K, 81% used [0x0000000080000000,0x0000000083692250,0x0000000084300000)
 Metaspace       used 56269K, committed 57536K, reserved 1114112K
  class space    used 6501K, committed 7040K, reserved 1048576K
}
Event: 86.260 GC heap after
{Heap after GC invocations=49 (full 2):
 PSYoungGen      total 12288K, used 672K [0x00000000d5580000, 0x00000000d6600000, 0x0000000100000000)
  eden space 11264K, 0% used [0x00000000d5580000,0x00000000d5580000,0x00000000d6080000)
  from space 1024K, 65% used [0x00000000d6080000,0x00000000d6128000,0x00000000d6180000)
  to   space 2048K, 0% used [0x00000000d6400000,0x00000000d6400000,0x00000000d6600000)
 ParOldGen       total 68608K, used 56848K [0x0000000080000000, 0x0000000084300000, 0x00000000d5580000)
  object space 68608K, 82% used [0x0000000080000000,0x00000000837840b8,0x0000000084300000)
 Metaspace       used 56269K, committed 57536K, reserved 1114112K
  class space    used 6501K, committed 7040K, reserved 1048576K
}

